d:\visualstudio2017\reinforcementlearningstatic\reinforcementlearningstatic\debug\reinforcementlearningstatic.pch
d:\visualstudio2017\reinforcementlearningstatic\reinforcementlearningstatic\debug\reinforcementlearningstatic.pdb
d:\visualstudio2017\reinforcementlearningstatic\reinforcementlearningstatic\debug\reinforcementlearningstatic.idb
d:\visualstudio2017\reinforcementlearningstatic\reinforcementlearningstatic\debug\stdafx.obj
d:\visualstudio2017\reinforcementlearningstatic\reinforcementlearningstatic\debug\accumulatingtracecalculator.obj
d:\visualstudio2017\reinforcementlearningstatic\reinforcementlearningstatic\debug\action.obj
d:\visualstudio2017\reinforcementlearningstatic\reinforcementlearningstatic\debug\discretegreedypolicy.obj
d:\visualstudio2017\reinforcementlearningstatic\reinforcementlearningstatic\debug\featurecalculator.obj
d:\visualstudio2017\reinforcementlearningstatic\reinforcementlearningstatic\debug\featurefunction.obj
d:\visualstudio2017\reinforcementlearningstatic\reinforcementlearningstatic\debug\linearparameters.obj
d:\visualstudio2017\reinforcementlearningstatic\reinforcementlearningstatic\debug\linearsarsavaluefn.obj
d:\visualstudio2017\reinforcementlearningstatic\reinforcementlearningstatic\debug\lineartraceupdator.obj
d:\visualstudio2017\reinforcementlearningstatic\reinforcementlearningstatic\debug\modelparameters.obj
d:\visualstudio2017\reinforcementlearningstatic\reinforcementlearningstatic\debug\policy.obj
d:\visualstudio2017\reinforcementlearningstatic\reinforcementlearningstatic\debug\replacetracecalculator.obj
d:\visualstudio2017\reinforcementlearningstatic\reinforcementlearningstatic\debug\sarsa.obj
d:\visualstudio2017\reinforcementlearningstatic\reinforcementlearningstatic\debug\sarsavaluefunction.obj
d:\visualstudio2017\reinforcementlearningstatic\reinforcementlearningstatic\debug\state.obj
d:\visualstudio2017\reinforcementlearningstatic\reinforcementlearningstatic\debug\tiles.obj
d:\visualstudio2017\reinforcementlearningstatic\reinforcementlearningstatic\debug\tiling.obj
d:\visualstudio2017\reinforcementlearningstatic\reinforcementlearningstatic\debug\vector.obj
d:\visualstudio2017\reinforcementlearningstatic\reinforcementlearningstatic\debug\reinforc.c514d52f.tlog\cl.command.1.tlog
d:\visualstudio2017\reinforcementlearningstatic\reinforcementlearningstatic\debug\reinforc.c514d52f.tlog\cl.read.1.tlog
d:\visualstudio2017\reinforcementlearningstatic\reinforcementlearningstatic\debug\reinforc.c514d52f.tlog\cl.write.1.tlog
